25-09-22.15:28:42.646 [main            ] INFO  Application            - Starting Application using Java 1.8.0_111 on GBG-HP-ZJ5083 with PID 25964 (C:\Users\huangyongming\IdeaProjects\big-market\big-market-app\target\classes started by huangyongming in C:\Users\huangyongming\IdeaProjects\big-market)
25-09-22.15:28:42.648 [main            ] INFO  Application            - The following 1 profile is active: "dev"
25-09-22.15:28:44.090 [main            ] INFO  RepositoryConfigurationDelegate - Multiple Spring Data modules found, entering strict repository configuration mode
25-09-22.15:28:44.095 [main            ] INFO  RepositoryConfigurationDelegate - Bootstrapping Spring Data Redis repositories in DEFAULT mode.
25-09-22.15:28:44.141 [main            ] INFO  RepositoryConfigurationDelegate - Finished Spring Data repository scanning in 19 ms. Found 0 Redis repository interfaces.
25-09-22.15:28:44.920 [main            ] INFO  TomcatWebServer        - Tomcat initialized with port(s): 8091 (http)
25-09-22.15:28:44.931 [main            ] INFO  Http11NioProtocol      - Initializing ProtocolHandler ["http-nio-8091"]
25-09-22.15:28:44.931 [main            ] INFO  StandardService        - Starting service [Tomcat]
25-09-22.15:28:44.931 [main            ] INFO  StandardEngine         - Starting Servlet engine: [Apache Tomcat/9.0.75]
25-09-22.15:28:45.079 [main            ] INFO  [/]                    - Initializing Spring embedded WebApplicationContext
25-09-22.15:28:45.080 [main            ] INFO  ServletWebServerApplicationContext - Root WebApplicationContext: initialization completed in 2371 ms
25-09-22.15:28:45.775 [main            ] INFO  Version                - Redisson 3.23.4
25-09-22.15:28:46.396 [redisson-netty-2-5] INFO  MasterPubSubConnectionPool - 1 connections initialized for 127.0.0.1/127.0.0.1:6379
25-09-22.15:28:46.408 [redisson-netty-2-13] INFO  MasterConnectionPool   - 5 connections initialized for 127.0.0.1/127.0.0.1:6379
25-09-22.15:28:47.426 [main            ] INFO  EndpointLinksResolver  - Exposing 1 endpoint(s) beneath base path '/actuator'
25-09-22.15:28:47.478 [main            ] INFO  Http11NioProtocol      - Starting ProtocolHandler ["http-nio-8091"]
25-09-22.15:28:47.489 [main            ] INFO  TomcatWebServer        - Tomcat started on port(s): 8091 (http) with context path ''
25-09-22.15:28:47.503 [main            ] INFO  Application            - Started Application in 5.562 seconds (JVM running for 7.591)
25-09-22.15:28:47.747 [RMI TCP Connection(3)-10.200.13.83] INFO  [/]                    - Initializing Spring DispatcherServlet 'dispatcherServlet'
25-09-22.15:28:47.747 [RMI TCP Connection(3)-10.200.13.83] INFO  DispatcherServlet      - Initializing Servlet 'dispatcherServlet'
25-09-22.15:28:47.748 [RMI TCP Connection(3)-10.200.13.83] INFO  DispatcherServlet      - Completed initialization in 1 ms
25-09-22.15:28:48.144 [RMI TCP Connection(5)-10.200.13.83] INFO  HikariDataSource       - HikariPool-1 - Starting...
25-09-22.15:28:48.360 [RMI TCP Connection(5)-10.200.13.83] INFO  HikariDataSource       - HikariPool-1 - Start completed.
25-09-22.18:10:28.407 [main            ] INFO  Application            - Starting Application using Java 1.8.0_111 on GBG-HP-ZJ5083 with PID 20228 (C:\Users\huangyongming\IdeaProjects\big-market\big-market-app\target\classes started by huangyongming in C:\Users\huangyongming\IdeaProjects\big-market)
25-09-22.18:10:28.409 [main            ] INFO  Application            - The following 1 profile is active: "dev"
25-09-22.18:10:29.761 [main            ] INFO  RepositoryConfigurationDelegate - Multiple Spring Data modules found, entering strict repository configuration mode
25-09-22.18:10:29.766 [main            ] INFO  RepositoryConfigurationDelegate - Bootstrapping Spring Data Redis repositories in DEFAULT mode.
25-09-22.18:10:29.828 [main            ] INFO  RepositoryConfigurationDelegate - Finished Spring Data repository scanning in 29 ms. Found 0 Redis repository interfaces.
25-09-22.18:10:30.512 [main            ] INFO  TomcatWebServer        - Tomcat initialized with port(s): 8091 (http)
25-09-22.18:10:30.522 [main            ] INFO  Http11NioProtocol      - Initializing ProtocolHandler ["http-nio-8091"]
25-09-22.18:10:30.523 [main            ] INFO  StandardService        - Starting service [Tomcat]
25-09-22.18:10:30.523 [main            ] INFO  StandardEngine         - Starting Servlet engine: [Apache Tomcat/9.0.75]
25-09-22.18:10:30.714 [main            ] INFO  [/]                    - Initializing Spring embedded WebApplicationContext
25-09-22.18:10:30.715 [main            ] INFO  ServletWebServerApplicationContext - Root WebApplicationContext: initialization completed in 2260 ms
25-09-22.18:10:31.357 [main            ] INFO  Version                - Redisson 3.23.4
25-09-22.18:10:31.959 [redisson-netty-2-4] INFO  MasterPubSubConnectionPool - 1 connections initialized for 127.0.0.1/127.0.0.1:6379
25-09-22.18:10:31.975 [redisson-netty-2-13] INFO  MasterConnectionPool   - 5 connections initialized for 127.0.0.1/127.0.0.1:6379
25-09-22.18:10:32.368 [main            ] WARN  AnnotationConfigServletWebServerApplicationContext - Exception encountered during context initialization - cancelling refresh attempt: org.springframework.beans.factory.BeanCreationException: Error creating bean with name 'requestMappingHandlerMapping' defined in class path resource [org/springframework/boot/autoconfigure/web/servlet/WebMvcAutoConfiguration$EnableWebMvcConfiguration.class]: Invocation of init method failed; nested exception is java.lang.IllegalStateException: Invalid mapping on handler class [org.example.trigger.http.RaffleController]: public org.example.api.response.Response org.example.trigger.http.RaffleController.queryRaffleAwardList(org.example.api.dto.RaffleAwardListRequestDTO)
25-09-22.18:10:32.396 [main            ] INFO  StandardService        - Stopping service [Tomcat]
25-09-22.18:10:32.409 [main            ] INFO  ConditionEvaluationReportLoggingListener - 

Error starting ApplicationContext. To display the conditions report re-run your application with 'debug' enabled.
25-09-22.18:10:32.442 [main            ] ERROR SpringApplication      - Application run failed
org.springframework.beans.factory.BeanCreationException: Error creating bean with name 'requestMappingHandlerMapping' defined in class path resource [org/springframework/boot/autoconfigure/web/servlet/WebMvcAutoConfiguration$EnableWebMvcConfiguration.class]: Invocation of init method failed; nested exception is java.lang.IllegalStateException: Invalid mapping on handler class [org.example.trigger.http.RaffleController]: public org.example.api.response.Response org.example.trigger.http.RaffleController.queryRaffleAwardList(org.example.api.dto.RaffleAwardListRequestDTO)
	at org.springframework.beans.factory.support.AbstractAutowireCapableBeanFactory.initializeBean(AbstractAutowireCapableBeanFactory.java:1804)
	at org.springframework.beans.factory.support.AbstractAutowireCapableBeanFactory.doCreateBean(AbstractAutowireCapableBeanFactory.java:620)
	at org.springframework.beans.factory.support.AbstractAutowireCapableBeanFactory.createBean(AbstractAutowireCapableBeanFactory.java:542)
	at org.springframework.beans.factory.support.AbstractBeanFactory.lambda$doGetBean$0(AbstractBeanFactory.java:335)
	at org.springframework.beans.factory.support.DefaultSingletonBeanRegistry.getSingleton(DefaultSingletonBeanRegistry.java:234)
	at org.springframework.beans.factory.support.AbstractBeanFactory.doGetBean(AbstractBeanFactory.java:333)
	at org.springframework.beans.factory.support.AbstractBeanFactory.getBean(AbstractBeanFactory.java:208)
	at org.springframework.beans.factory.support.DefaultListableBeanFactory.preInstantiateSingletons(DefaultListableBeanFactory.java:955)
	at org.springframework.context.support.AbstractApplicationContext.finishBeanFactoryInitialization(AbstractApplicationContext.java:920)
	at org.springframework.context.support.AbstractApplicationContext.refresh(AbstractApplicationContext.java:583)
	at org.springframework.boot.web.servlet.context.ServletWebServerApplicationContext.refresh(ServletWebServerApplicationContext.java:147)
	at org.springframework.boot.SpringApplication.refresh(SpringApplication.java:731)
	at org.springframework.boot.SpringApplication.refreshContext(SpringApplication.java:408)
	at org.springframework.boot.SpringApplication.run(SpringApplication.java:307)
	at org.springframework.boot.SpringApplication.run(SpringApplication.java:1303)
	at org.springframework.boot.SpringApplication.run(SpringApplication.java:1292)
	at org.example.Application.main(Application.java:12)
Caused by: java.lang.IllegalStateException: Invalid mapping on handler class [org.example.trigger.http.RaffleController]: public org.example.api.response.Response org.example.trigger.http.RaffleController.queryRaffleAwardList(org.example.api.dto.RaffleAwardListRequestDTO)
	at org.springframework.web.servlet.handler.AbstractHandlerMethodMapping.lambda$detectHandlerMethods$1(AbstractHandlerMethodMapping.java:288)
	at org.springframework.core.MethodIntrospector.lambda$selectMethods$0(MethodIntrospector.java:74)
	at org.springframework.util.ReflectionUtils.doWithMethods(ReflectionUtils.java:367)
	at org.springframework.core.MethodIntrospector.selectMethods(MethodIntrospector.java:72)
	at org.springframework.web.servlet.handler.AbstractHandlerMethodMapping.detectHandlerMethods(AbstractHandlerMethodMapping.java:281)
	at org.springframework.web.servlet.handler.AbstractHandlerMethodMapping.processCandidateBean(AbstractHandlerMethodMapping.java:266)
	at org.springframework.web.servlet.handler.AbstractHandlerMethodMapping.initHandlerMethods(AbstractHandlerMethodMapping.java:225)
	at org.springframework.web.servlet.handler.AbstractHandlerMethodMapping.afterPropertiesSet(AbstractHandlerMethodMapping.java:213)
	at org.springframework.web.servlet.mvc.method.annotation.RequestMappingHandlerMapping.afterPropertiesSet(RequestMappingHandlerMapping.java:205)
	at org.springframework.beans.factory.support.AbstractAutowireCapableBeanFactory.invokeInitMethods(AbstractAutowireCapableBeanFactory.java:1863)
	at org.springframework.beans.factory.support.AbstractAutowireCapableBeanFactory.initializeBean(AbstractAutowireCapableBeanFactory.java:1800)
	... 16 common frames omitted
Caused by: java.lang.IllegalArgumentException: Could not resolve placeholder 'app.config.api-version' in value "/api/${app.config.api-version}/raffle/"
	at org.springframework.util.PropertyPlaceholderHelper.parseStringValue(PropertyPlaceholderHelper.java:180)
	at org.springframework.util.PropertyPlaceholderHelper.replacePlaceholders(PropertyPlaceholderHelper.java:126)
	at org.springframework.core.env.AbstractPropertyResolver.doResolvePlaceholders(AbstractPropertyResolver.java:239)
	at org.springframework.core.env.AbstractPropertyResolver.resolveRequiredPlaceholders(AbstractPropertyResolver.java:210)
	at org.springframework.context.support.PropertySourcesPlaceholderConfigurer.lambda$processProperties$0(PropertySourcesPlaceholderConfigurer.java:191)
	at org.springframework.beans.factory.support.AbstractBeanFactory.resolveEmbeddedValue(AbstractBeanFactory.java:936)
	at org.springframework.beans.factory.config.EmbeddedValueResolver.resolveStringValue(EmbeddedValueResolver.java:54)
	at org.springframework.web.servlet.mvc.method.annotation.RequestMappingHandlerMapping.resolveEmbeddedValuesInPatterns(RequestMappingHandlerMapping.java:393)
	at org.springframework.web.servlet.mvc.method.annotation.RequestMappingHandlerMapping.createRequestMappingInfo(RequestMappingHandlerMapping.java:369)
	at org.springframework.web.servlet.mvc.method.annotation.RequestMappingHandlerMapping.createRequestMappingInfo(RequestMappingHandlerMapping.java:324)
	at org.springframework.web.servlet.mvc.method.annotation.RequestMappingHandlerMapping.getMappingForMethod(RequestMappingHandlerMapping.java:286)
	at org.springframework.web.servlet.mvc.method.annotation.RequestMappingHandlerMapping.getMappingForMethod(RequestMappingHandlerMapping.java:76)
	at org.springframework.web.servlet.handler.AbstractHandlerMethodMapping.lambda$detectHandlerMethods$1(AbstractHandlerMethodMapping.java:284)
	... 26 common frames omitted
25-09-22.18:11:17.928 [main            ] INFO  Application            - Starting Application using Java 1.8.0_111 on GBG-HP-ZJ5083 with PID 10248 (C:\Users\huangyongming\IdeaProjects\big-market\big-market-app\target\classes started by huangyongming in C:\Users\huangyongming\IdeaProjects\big-market)
25-09-22.18:11:17.931 [main            ] INFO  Application            - The following 1 profile is active: "dev"
25-09-22.18:11:25.806 [main            ] INFO  Application            - Starting Application using Java 1.8.0_111 on GBG-HP-ZJ5083 with PID 6360 (C:\Users\huangyongming\IdeaProjects\big-market\big-market-app\target\classes started by huangyongming in C:\Users\huangyongming\IdeaProjects\big-market)
25-09-22.18:11:25.809 [main            ] INFO  Application            - The following 1 profile is active: "dev"
25-09-22.18:11:26.649 [main            ] INFO  RepositoryConfigurationDelegate - Multiple Spring Data modules found, entering strict repository configuration mode
25-09-22.18:11:26.652 [main            ] INFO  RepositoryConfigurationDelegate - Bootstrapping Spring Data Redis repositories in DEFAULT mode.
25-09-22.18:11:26.686 [main            ] INFO  RepositoryConfigurationDelegate - Finished Spring Data repository scanning in 19 ms. Found 0 Redis repository interfaces.
25-09-22.18:11:27.268 [main            ] INFO  TomcatWebServer        - Tomcat initialized with port(s): 8091 (http)
25-09-22.18:11:27.280 [main            ] INFO  Http11NioProtocol      - Initializing ProtocolHandler ["http-nio-8091"]
25-09-22.18:11:27.280 [main            ] INFO  StandardService        - Starting service [Tomcat]
25-09-22.18:11:27.280 [main            ] INFO  StandardEngine         - Starting Servlet engine: [Apache Tomcat/9.0.75]
25-09-22.18:11:27.462 [main            ] INFO  [/]                    - Initializing Spring embedded WebApplicationContext
25-09-22.18:11:27.462 [main            ] INFO  ServletWebServerApplicationContext - Root WebApplicationContext: initialization completed in 1617 ms
25-09-22.18:11:27.946 [main            ] INFO  Version                - Redisson 3.23.4
25-09-22.18:11:28.463 [redisson-netty-2-4] INFO  MasterPubSubConnectionPool - 1 connections initialized for 127.0.0.1/127.0.0.1:6379
25-09-22.18:11:28.474 [redisson-netty-2-13] INFO  MasterConnectionPool   - 5 connections initialized for 127.0.0.1/127.0.0.1:6379
25-09-22.18:11:28.833 [main            ] WARN  AnnotationConfigServletWebServerApplicationContext - Exception encountered during context initialization - cancelling refresh attempt: org.springframework.beans.factory.BeanCreationException: Error creating bean with name 'requestMappingHandlerMapping' defined in class path resource [org/springframework/boot/autoconfigure/web/servlet/WebMvcAutoConfiguration$EnableWebMvcConfiguration.class]: Invocation of init method failed; nested exception is java.lang.IllegalArgumentException: Could not resolve placeholder 'app.config.cross-origin' in value "${app.config.cross-origin}"
25-09-22.18:11:28.855 [main            ] INFO  StandardService        - Stopping service [Tomcat]
25-09-22.18:11:28.870 [main            ] INFO  ConditionEvaluationReportLoggingListener - 

Error starting ApplicationContext. To display the conditions report re-run your application with 'debug' enabled.
25-09-22.18:11:28.897 [main            ] ERROR SpringApplication      - Application run failed
org.springframework.beans.factory.BeanCreationException: Error creating bean with name 'requestMappingHandlerMapping' defined in class path resource [org/springframework/boot/autoconfigure/web/servlet/WebMvcAutoConfiguration$EnableWebMvcConfiguration.class]: Invocation of init method failed; nested exception is java.lang.IllegalArgumentException: Could not resolve placeholder 'app.config.cross-origin' in value "${app.config.cross-origin}"
	at org.springframework.beans.factory.support.AbstractAutowireCapableBeanFactory.initializeBean(AbstractAutowireCapableBeanFactory.java:1804)
	at org.springframework.beans.factory.support.AbstractAutowireCapableBeanFactory.doCreateBean(AbstractAutowireCapableBeanFactory.java:620)
	at org.springframework.beans.factory.support.AbstractAutowireCapableBeanFactory.createBean(AbstractAutowireCapableBeanFactory.java:542)
	at org.springframework.beans.factory.support.AbstractBeanFactory.lambda$doGetBean$0(AbstractBeanFactory.java:335)
	at org.springframework.beans.factory.support.DefaultSingletonBeanRegistry.getSingleton(DefaultSingletonBeanRegistry.java:234)
	at org.springframework.beans.factory.support.AbstractBeanFactory.doGetBean(AbstractBeanFactory.java:333)
	at org.springframework.beans.factory.support.AbstractBeanFactory.getBean(AbstractBeanFactory.java:208)
	at org.springframework.beans.factory.support.DefaultListableBeanFactory.preInstantiateSingletons(DefaultListableBeanFactory.java:955)
	at org.springframework.context.support.AbstractApplicationContext.finishBeanFactoryInitialization(AbstractApplicationContext.java:920)
	at org.springframework.context.support.AbstractApplicationContext.refresh(AbstractApplicationContext.java:583)
	at org.springframework.boot.web.servlet.context.ServletWebServerApplicationContext.refresh(ServletWebServerApplicationContext.java:147)
	at org.springframework.boot.SpringApplication.refresh(SpringApplication.java:731)
	at org.springframework.boot.SpringApplication.refreshContext(SpringApplication.java:408)
	at org.springframework.boot.SpringApplication.run(SpringApplication.java:307)
	at org.springframework.boot.SpringApplication.run(SpringApplication.java:1303)
	at org.springframework.boot.SpringApplication.run(SpringApplication.java:1292)
	at org.example.Application.main(Application.java:12)
Caused by: java.lang.IllegalArgumentException: Could not resolve placeholder 'app.config.cross-origin' in value "${app.config.cross-origin}"
	at org.springframework.util.PropertyPlaceholderHelper.parseStringValue(PropertyPlaceholderHelper.java:180)
	at org.springframework.util.PropertyPlaceholderHelper.replacePlaceholders(PropertyPlaceholderHelper.java:126)
	at org.springframework.core.env.AbstractPropertyResolver.doResolvePlaceholders(AbstractPropertyResolver.java:239)
	at org.springframework.core.env.AbstractPropertyResolver.resolveRequiredPlaceholders(AbstractPropertyResolver.java:210)
	at org.springframework.context.support.PropertySourcesPlaceholderConfigurer.lambda$processProperties$0(PropertySourcesPlaceholderConfigurer.java:191)
	at org.springframework.beans.factory.support.AbstractBeanFactory.resolveEmbeddedValue(AbstractBeanFactory.java:936)
	at org.springframework.beans.factory.config.EmbeddedValueResolver.resolveStringValue(EmbeddedValueResolver.java:54)
	at org.springframework.web.servlet.mvc.method.annotation.RequestMappingHandlerMapping.resolveCorsAnnotationValue(RequestMappingHandlerMapping.java:511)
	at org.springframework.web.servlet.mvc.method.annotation.RequestMappingHandlerMapping.updateCorsConfig(RequestMappingHandlerMapping.java:477)
	at org.springframework.web.servlet.mvc.method.annotation.RequestMappingHandlerMapping.initCorsConfiguration(RequestMappingHandlerMapping.java:461)
	at org.springframework.web.servlet.mvc.method.annotation.RequestMappingHandlerMapping.initCorsConfiguration(RequestMappingHandlerMapping.java:76)
	at org.springframework.web.servlet.handler.AbstractHandlerMethodMapping$MappingRegistry.register(AbstractHandlerMethodMapping.java:648)
	at org.springframework.web.servlet.handler.AbstractHandlerMethodMapping.registerHandlerMethod(AbstractHandlerMethodMapping.java:332)
	at org.springframework.web.servlet.mvc.method.annotation.RequestMappingHandlerMapping.registerHandlerMethod(RequestMappingHandlerMapping.java:420)
	at org.springframework.web.servlet.mvc.method.annotation.RequestMappingHandlerMapping.registerHandlerMethod(RequestMappingHandlerMapping.java:76)
	at org.springframework.web.servlet.handler.AbstractHandlerMethodMapping.lambda$detectHandlerMethods$2(AbstractHandlerMethodMapping.java:299)
	at java.util.LinkedHashMap.forEach(LinkedHashMap.java:684)
	at org.springframework.web.servlet.handler.AbstractHandlerMethodMapping.detectHandlerMethods(AbstractHandlerMethodMapping.java:297)
	at org.springframework.web.servlet.handler.AbstractHandlerMethodMapping.processCandidateBean(AbstractHandlerMethodMapping.java:266)
	at org.springframework.web.servlet.handler.AbstractHandlerMethodMapping.initHandlerMethods(AbstractHandlerMethodMapping.java:225)
	at org.springframework.web.servlet.handler.AbstractHandlerMethodMapping.afterPropertiesSet(AbstractHandlerMethodMapping.java:213)
	at org.springframework.web.servlet.mvc.method.annotation.RequestMappingHandlerMapping.afterPropertiesSet(RequestMappingHandlerMapping.java:205)
	at org.springframework.beans.factory.support.AbstractAutowireCapableBeanFactory.invokeInitMethods(AbstractAutowireCapableBeanFactory.java:1863)
	at org.springframework.beans.factory.support.AbstractAutowireCapableBeanFactory.initializeBean(AbstractAutowireCapableBeanFactory.java:1800)
	... 16 common frames omitted
25-09-22.18:12:52.511 [main            ] INFO  Application            - Starting Application using Java 1.8.0_111 on GBG-HP-ZJ5083 with PID 22544 (C:\Users\huangyongming\IdeaProjects\big-market\big-market-app\target\classes started by huangyongming in C:\Users\huangyongming\IdeaProjects\big-market)
25-09-22.18:12:52.515 [main            ] INFO  Application            - The following 1 profile is active: "dev"
25-09-22.18:12:53.351 [main            ] INFO  RepositoryConfigurationDelegate - Multiple Spring Data modules found, entering strict repository configuration mode
25-09-22.18:12:53.354 [main            ] INFO  RepositoryConfigurationDelegate - Bootstrapping Spring Data Redis repositories in DEFAULT mode.
25-09-22.18:12:53.387 [main            ] INFO  RepositoryConfigurationDelegate - Finished Spring Data repository scanning in 18 ms. Found 0 Redis repository interfaces.
25-09-22.18:12:53.903 [main            ] INFO  TomcatWebServer        - Tomcat initialized with port(s): 8091 (http)
25-09-22.18:12:53.910 [main            ] INFO  Http11NioProtocol      - Initializing ProtocolHandler ["http-nio-8091"]
25-09-22.18:12:53.911 [main            ] INFO  StandardService        - Starting service [Tomcat]
25-09-22.18:12:53.911 [main            ] INFO  StandardEngine         - Starting Servlet engine: [Apache Tomcat/9.0.75]
25-09-22.18:12:54.031 [main            ] INFO  [/]                    - Initializing Spring embedded WebApplicationContext
25-09-22.18:12:54.031 [main            ] INFO  ServletWebServerApplicationContext - Root WebApplicationContext: initialization completed in 1477 ms
25-09-22.18:12:54.538 [main            ] INFO  Version                - Redisson 3.23.4
25-09-22.18:12:55.054 [redisson-netty-2-4] INFO  MasterPubSubConnectionPool - 1 connections initialized for 127.0.0.1/127.0.0.1:6379
25-09-22.18:12:55.064 [redisson-netty-2-13] INFO  MasterConnectionPool   - 5 connections initialized for 127.0.0.1/127.0.0.1:6379
25-09-22.18:12:55.996 [main            ] INFO  EndpointLinksResolver  - Exposing 1 endpoint(s) beneath base path '/actuator'
25-09-22.18:12:56.028 [main            ] INFO  Http11NioProtocol      - Starting ProtocolHandler ["http-nio-8091"]
25-09-22.18:12:56.041 [main            ] INFO  TomcatWebServer        - Tomcat started on port(s): 8091 (http) with context path ''
25-09-22.18:12:56.054 [main            ] INFO  Application            - Started Application in 4.022 seconds (JVM running for 4.827)
25-09-22.18:12:56.347 [RMI TCP Connection(1)-10.200.13.83] INFO  HikariDataSource       - HikariPool-1 - Starting...
25-09-22.18:12:56.604 [RMI TCP Connection(1)-10.200.13.83] INFO  HikariDataSource       - HikariPool-1 - Start completed.
25-09-22.18:12:56.737 [RMI TCP Connection(3)-10.200.13.83] INFO  [/]                    - Initializing Spring DispatcherServlet 'dispatcherServlet'
25-09-22.18:12:56.737 [RMI TCP Connection(3)-10.200.13.83] INFO  DispatcherServlet      - Initializing Servlet 'dispatcherServlet'
25-09-22.18:12:56.738 [RMI TCP Connection(3)-10.200.13.83] INFO  DispatcherServlet      - Completed initialization in 1 ms
