25-08-26.15:47:08.785 [main            ] INFO  Application            - Starting Application using Java 17.0.9 on GBG-HP-ZJ5083 with PID 18668 (C:\Users\huangyongming\IdeaProjects\big-market\big-market-app\target\classes started by huangyongming in C:\Users\huangyongming\IdeaProjects\big-market)
25-08-26.15:47:08.787 [main            ] INFO  Application            - The following 1 profile is active: "dev"
25-08-26.15:47:09.817 [main            ] INFO  TomcatWebServer        - Tomcat initialized with port(s): 8091 (http)
25-08-26.15:47:09.829 [main            ] INFO  Http11NioProtocol      - Initializing ProtocolHandler ["http-nio-8091"]
25-08-26.15:47:09.829 [main            ] INFO  StandardService        - Starting service [Tomcat]
25-08-26.15:47:09.829 [main            ] INFO  StandardEngine         - Starting Servlet engine: [Apache Tomcat/9.0.75]
25-08-26.15:47:09.942 [main            ] INFO  [/]                    - Initializing Spring embedded WebApplicationContext
25-08-26.15:47:09.942 [main            ] INFO  ServletWebServerApplicationContext - Root WebApplicationContext: initialization completed in 1104 ms
25-08-26.15:47:10.679 [main            ] INFO  Http11NioProtocol      - Starting ProtocolHandler ["http-nio-8091"]
25-08-26.15:47:10.701 [main            ] INFO  TomcatWebServer        - Tomcat started on port(s): 8091 (http) with context path ''
25-08-26.15:47:10.710 [main            ] INFO  Application            - Started Application in 2.568 seconds (JVM running for 3.723)
25-08-26.15:53:40.243 [main            ] INFO  Application            - Starting Application using Java 17.0.9 on GBG-HP-ZJ5083 with PID 22276 (C:\Users\huangyongming\IdeaProjects\big-market\big-market-app\target\classes started by huangyongming in C:\Users\huangyongming\IdeaProjects\big-market)
25-08-26.15:53:40.245 [main            ] INFO  Application            - The following 1 profile is active: "dev"
25-08-26.15:53:40.963 [main            ] INFO  TomcatWebServer        - Tomcat initialized with port(s): 8091 (http)
25-08-26.15:53:40.970 [main            ] INFO  Http11NioProtocol      - Initializing ProtocolHandler ["http-nio-8091"]
25-08-26.15:53:40.970 [main            ] INFO  StandardService        - Starting service [Tomcat]
25-08-26.15:53:40.970 [main            ] INFO  StandardEngine         - Starting Servlet engine: [Apache Tomcat/9.0.75]
25-08-26.15:53:41.045 [main            ] INFO  [/]                    - Initializing Spring embedded WebApplicationContext
25-08-26.15:53:41.045 [main            ] INFO  ServletWebServerApplicationContext - Root WebApplicationContext: initialization completed in 764 ms
25-08-26.15:53:41.499 [main            ] INFO  Http11NioProtocol      - Starting ProtocolHandler ["http-nio-8091"]
25-08-26.15:53:41.512 [main            ] INFO  TomcatWebServer        - Tomcat started on port(s): 8091 (http) with context path ''
25-08-26.15:53:41.520 [main            ] INFO  Application            - Started Application in 1.619 seconds (JVM running for 2.11)
